{
  "0 debug pnpm:scope": {
    "selected": 1
  },
  "1 error pnpm": {
    "code": "ELIFECYCLE",
    "errno": "ENOENT",
    "syscall": "spawn",
    "file": "sh",
    "pkgid": "@1.0.0",
    "stage": "dev",
    "script": "nodemon backend/server.js",
    "pkgname": "inventory",
    "err": {
      "name": "pnpm",
      "message": "inventory@1.0.0 dev: `nodemon backend/server.js`\nspawn ENOENT",
      "code": "ELIFECYCLE",
      "stack": "pnpm: inventory@1.0.0 dev: `nodemon backend/server.js`\nspawn ENOENT\n    at ChildProcess.<anonymous> (/usr/local/Cellar/pnpm/7.1.5/libexec/lib/node_modules/pnpm/dist/pnpm.cjs:93465:22)\n    at ChildProcess.emit (node:events:527:28)\n    at maybeClose (node:internal/child_process:1090:16)\n    at ChildProcess._handle.onexit (node:internal/child_process:302:5)"
    }
  },
  "2 warn pnpm:global": " Local package.json exists, but node_modules missing, did you mean to install?"
}